<?xml version="1.0" encoding="UTF-8"?>
<testng-results skipped="0" failed="0" total="1" passed="1">
  <reporter-output>
  </reporter-output>
  <suite name="Suite" duration-ms="78375" started-at="2019-11-22T18:26:52Z" finished-at="2019-11-22T18:28:11Z">
    <groups>
      <group name="cucumber">
        <method signature="AbstractTestNGCucumberTests.feature(cucumber.api.testng.CucumberFeatureWrapper)[pri:0, instance:runner.Runner@2096442d]" name="feature" class="cucumber.api.testng.AbstractTestNGCucumberTests"/>
      </group> <!-- cucumber -->
    </groups>
    <test name="Run browser chrome" duration-ms="78375" started-at="2019-11-22T18:26:52Z" finished-at="2019-11-22T18:28:11Z">
      <class name="runner.Runner">
        <test-method status="PASS" signature="setUpClass()[pri:0, instance:runner.Runner@2096442d]" name="setUpClass" is-config="true" duration-ms="147" started-at="2019-11-22T13:26:52Z" finished-at="2019-11-22T13:26:52Z">
          <reporter-output>
          </reporter-output>
        </test-method> <!-- setUpClass -->
        <test-method status="PASS" signature="setup()[pri:0, instance:runner.Runner@2096442d]" name="setup" is-config="true" duration-ms="196" started-at="2019-11-22T13:26:52Z" finished-at="2019-11-22T13:26:53Z">
          <reporter-output>
          </reporter-output>
        </test-method> <!-- setup -->
        <test-method status="PASS" signature="feature(cucumber.api.testng.CucumberFeatureWrapper)[pri:0, instance:runner.Runner@2096442d]" name="feature" duration-ms="77917" started-at="2019-11-22T13:26:53Z" description="Runs Cucumber Feature" data-provider="features" finished-at="2019-11-22T13:28:11Z">
          <params>
            <param index="0">
              <value>
                <![CDATA[Acceptance testing to validate functionality of Phptravels website]]>
              </value>
            </param>
          </params>
          <reporter-output>
          </reporter-output>
        </test-method> <!-- feature -->
        <test-method status="PASS" signature="tearDownClass()[pri:0, instance:runner.Runner@2096442d]" name="tearDownClass" is-config="true" duration-ms="39" started-at="2019-11-22T13:28:11Z" finished-at="2019-11-22T13:28:11Z">
          <reporter-output>
          </reporter-output>
        </test-method> <!-- tearDownClass -->
      </class> <!-- runner.Runner -->
    </test> <!-- Run browser chrome -->
  </suite> <!-- Suite -->
</testng-results>
